<?xml version="1.0" encoding="UTF-8"?>
<!-- Generated by org.testng.reporters.JUnitXMLReporter -->
<testsuite ignored="0" hostname="LAPTOP-QKDQVTCP" failures="0" tests="3" name="Default test" time="27.463" errors="0" timestamp="2025-11-10T22:57:23 EST">
  <testcase classname="tests.AmazonLogin" name="prodclick" time="9.411"/>
  <testcase classname="tests.AmazonLogin" name="testLogin" time="4.44"/>
  <testcase classname="tests.AmazonLogin" name="testLogin" time="4.653"/>
</testsuite> <!-- Default test -->
