<?xml version="1.0" encoding="UTF-8"?>
<testng-results ignored="0" total="3" passed="3" failed="0" skipped="0">
  <reporter-output>
  </reporter-output>
  <suite started-at="2025-11-10T22:56:55 EST" name="Default suite" finished-at="2025-11-10T22:57:23 EST" duration-ms="27463">
    <groups>
    </groups>
    <test started-at="2025-11-10T22:56:55 EST" name="Default test" finished-at="2025-11-10T22:57:23 EST" duration-ms="27463">
      <class name="tests.AmazonLogin">
        <test-method is-config="true" signature="setupReport()[pri:0, instance:tests.AmazonLogin@2a4fb17b]" started-at="2025-11-10T22:56:55 EST" name="setupReport" finished-at="2025-11-10T22:56:55 EST" duration-ms="145" status="PASS">
          <reporter-output>
          </reporter-output>
        </test-method> <!-- setupReport -->
        <test-method is-config="true" signature="setUp()[pri:0, instance:tests.AmazonLogin@2a4fb17b]" started-at="2025-11-10T22:56:55 EST" name="setUp" finished-at="2025-11-10T22:56:57 EST" duration-ms="2367" status="PASS">
          <reporter-output>
          </reporter-output>
        </test-method> <!-- setUp -->
        <test-method signature="prodclick()[pri:0, instance:tests.AmazonLogin@2a4fb17b]" started-at="2025-11-10T22:56:57 EST" name="prodclick" finished-at="2025-11-10T22:57:07 EST" duration-ms="9411" status="PASS">
          <reporter-output>
          </reporter-output>
        </test-method> <!-- prodclick -->
        <test-method is-config="true" signature="tearDown(org.testng.ITestResult)[pri:0, instance:tests.AmazonLogin@2a4fb17b]" started-at="2025-11-10T22:57:07 EST" name="tearDown" finished-at="2025-11-10T22:57:07 EST" duration-ms="244" status="PASS">
          <params>
            <param index="0">
              <value>
                <![CDATA[[TestResult name=prodclick status=SUCCESS method=AmazonLogin.prodclick()[pri:0, instance:tests.AmazonLogin@2a4fb17b] output={null}]]]>
              </value>
            </param>
          </params>
          <reporter-output>
          </reporter-output>
        </test-method> <!-- tearDown -->
        <test-method is-config="true" signature="setUp()[pri:0, instance:tests.AmazonLogin@2a4fb17b]" started-at="2025-11-10T22:57:07 EST" name="setUp" finished-at="2025-11-10T22:57:10 EST" duration-ms="2835" status="PASS">
          <reporter-output>
          </reporter-output>
        </test-method> <!-- setUp -->
        <test-method signature="testLogin(java.lang.String,java.lang.String)[pri:0, instance:tests.AmazonLogin@2a4fb17b]" started-at="2025-11-10T22:57:10 EST" name="testLogin" data-provider="LoginData" finished-at="2025-11-10T22:57:15 EST" duration-ms="4440" status="PASS">
          <params>
            <param index="0">
              <value>
                <![CDATA[berrysharma86@gmail.com]]>
              </value>
            </param>
            <param index="1">
              <value>
                <![CDATA[Education]]>
              </value>
            </param>
          </params>
          <reporter-output>
          </reporter-output>
        </test-method> <!-- testLogin -->
        <test-method is-config="true" signature="tearDown(org.testng.ITestResult)[pri:0, instance:tests.AmazonLogin@2a4fb17b]" started-at="2025-11-10T22:57:15 EST" name="tearDown" finished-at="2025-11-10T22:57:15 EST" duration-ms="174" status="PASS">
          <params>
            <param index="0">
              <value>
                <![CDATA[[TestResult name=testLogin status=SUCCESS method=AmazonLogin.testLogin(java.lang.String,java.lang.String)[pri:0, instance:tests.AmazonLogin@2a4fb17b] output={null}]]]>
              </value>
            </param>
          </params>
          <reporter-output>
          </reporter-output>
        </test-method> <!-- tearDown -->
        <test-method is-config="true" signature="setUp()[pri:0, instance:tests.AmazonLogin@2a4fb17b]" started-at="2025-11-10T22:57:15 EST" name="setUp" finished-at="2025-11-10T22:57:18 EST" duration-ms="2762" status="PASS">
          <reporter-output>
          </reporter-output>
        </test-method> <!-- setUp -->
        <test-method signature="testLogin(java.lang.String,java.lang.String)[pri:0, instance:tests.AmazonLogin@2a4fb17b]" started-at="2025-11-10T22:57:18 EST" name="testLogin" data-provider="LoginData" finished-at="2025-11-10T22:57:22 EST" duration-ms="4653" status="PASS">
          <params>
            <param index="0">
              <value>
                <![CDATA[berrysharma86@gmail.com]]>
              </value>
            </param>
            <param index="1">
              <value>
                <![CDATA[Education]]>
              </value>
            </param>
          </params>
          <reporter-output>
          </reporter-output>
        </test-method> <!-- testLogin -->
        <test-method is-config="true" signature="tearDown(org.testng.ITestResult)[pri:0, instance:tests.AmazonLogin@2a4fb17b]" started-at="2025-11-10T22:57:22 EST" name="tearDown" finished-at="2025-11-10T22:57:23 EST" duration-ms="172" status="PASS">
          <params>
            <param index="0">
              <value>
                <![CDATA[[TestResult name=testLogin status=SUCCESS method=AmazonLogin.testLogin(java.lang.String,java.lang.String)[pri:0, instance:tests.AmazonLogin@2a4fb17b] output={null}]]]>
              </value>
            </param>
          </params>
          <reporter-output>
          </reporter-output>
        </test-method> <!-- tearDown -->
        <test-method is-config="true" signature="teardownReport()[pri:0, instance:tests.AmazonLogin@2a4fb17b]" started-at="2025-11-10T22:57:23 EST" name="teardownReport" finished-at="2025-11-10T22:57:23 EST" duration-ms="184" status="PASS">
          <reporter-output>
          </reporter-output>
        </test-method> <!-- teardownReport -->
      </class> <!-- tests.AmazonLogin -->
    </test> <!-- Default test -->
  </suite> <!-- Default suite -->
</testng-results>
