<?xml version="1.0" encoding="UTF-8"?>
<!-- Generated by org.testng.reporters.JUnitReportReporter -->
<testsuite hostname="LAPTOP-QKDQVTCP" failures="0" tests="3" name="tests.AmazonLogin" time="27.058" errors="0" timestamp="2025-11-10T22:57:23 EST" skipped="0">
  <testcase classname="tests.AmazonLogin" name="prodclick" time="12.022"/>
  <testcase classname="tests.AmazonLogin" name="testLogin" time="7.662"/>
  <testcase classname="tests.AmazonLogin" name="testLogin" time="7.374"/>
</testsuite> <!-- tests.AmazonLogin -->
